#
# There is insufficient memory for the Java Runtime Environment to continue.
# Native memory allocation (malloc) failed to allocate 413456 bytes for Chunk::new
# Possible reasons:
#   The system is out of physical RAM or swap space
#   The process is running with CompressedOops enabled, and the Java Heap may be blocking the growth of the native heap
# Possible solutions:
#   Reduce memory load on the system
#   Increase physical memory or swap space
#   Check if swap backing store is full
#   Decrease Java heap size (-Xmx/-Xms)
#   Decrease number of Java threads
#   Decrease Java thread stack sizes (-Xss)
#   Set larger code cache with -XX:ReservedCodeCacheSize=
#   JVM is running with Zero Based Compressed Oops mode in which the Java heap is
#     placed in the first 32GB address space. The Java Heap base address is the
#     maximum limit for the native heap growth. Please use -XX:HeapBaseMinAddress
#     to set the Java Heap base and to place the Java Heap above 32GB virtual address.
# This output file may be truncated or incomplete.
#
#  Out of Memory Error (allocation.cpp:389), pid=1772, tid=0x0000000000002e30
#
# JRE version: Java(TM) SE Runtime Environment (8.0_202-b08) (build 1.8.0_202-b08)
# Java VM: Java HotSpot(TM) 64-Bit Server VM (25.202-b08 mixed mode windows-amd64 compressed oops)
# Failed to write core dump. Minidumps are not enabled by default on client versions of Windows
#

---------------  T H R E A D  ---------------

Current thread (0x000000001effe000):  JavaThread "C2 CompilerThread0" daemon [_thread_in_native, id=11824, stack(0x000000001ff50000,0x0000000020050000)]

Stack: [0x000000001ff50000,0x0000000020050000]
[error occurred during error reporting (printing stack bounds), id 0xc0000005]

Native frames: (J=compiled Java code, j=interpreted, Vv=VM code, C=native code)


Current CompileTask:
C2:   6683 3377       4       org.jacoco.agent.rt.internal_8ff85ea.asm.commons.AnalyzerAdapter::execute (1946 bytes)


---------------  P R O C E S S  ---------------

Java Threads: ( => current thread )
  0x000000001f217800 JavaThread "ping-30s" daemon [_thread_blocked, id=9304, stack(0x0000000020550000,0x0000000020650000)]
  0x000000001f42b800 JavaThread "surefire-forkedjvm-command-thread" daemon [_thread_in_native, id=13284, stack(0x0000000020450000,0x0000000020550000)]
  0x000000001ec1e800 JavaThread "Service Thread" daemon [_thread_blocked, id=12832, stack(0x0000000020250000,0x0000000020350000)]
  0x000000001ebde000 JavaThread "C1 CompilerThread2" daemon [_thread_blocked, id=9248, stack(0x0000000020150000,0x0000000020250000)]
  0x000000001ebdd000 JavaThread "C2 CompilerThread1" daemon [_thread_in_native, id=4496, stack(0x0000000020050000,0x0000000020150000)]
=>0x000000001effe000 JavaThread "C2 CompilerThread0" daemon [_thread_in_native, id=11824, stack(0x000000001ff50000,0x0000000020050000)]
  0x000000001c9ad000 JavaThread "Attach Listener" daemon [_thread_blocked, id=7652, stack(0x000000001df40000,0x000000001e040000)]
  0x000000001c9aa800 JavaThread "Signal Dispatcher" daemon [_thread_blocked, id=7728, stack(0x000000001de40000,0x000000001df40000)]
  0x000000001c999800 JavaThread "Finalizer" daemon [_thread_blocked, id=5608, stack(0x000000001dc40000,0x000000001dd40000)]
  0x00000000032d2000 JavaThread "Reference Handler" daemon [_thread_blocked, id=3032, stack(0x000000001db40000,0x000000001dc40000)]
  0x00000000031e2800 JavaThread "main" [_thread_in_vm, id=10152, stack(0x0000000002f00000,0x0000000003000000)]

Other Threads:
  0x000000001c977800 VMThread [stack: 0x000000001da40000,0x000000001db40000] [id=11368]
  0x000000001ec3e800 WatcherThread [stack: 0x0000000020350000,0x0000000020450000] [id=12500]

VM state:not at safepoint (normal execution)

VM Mutex/Monitor currently owned by a thread: None

heap address: 0x00000006c0000000, size: 4096 MB, Compressed Oops mode: Zero based, Oop shift amount: 3
Narrow klass base: 0x0000000000000000, Narrow klass shift: 3
Compressed class space size: 1073741824 Address: 0x00000007c0000000

Heap:
 PSYoungGen      total 215040K, used 67636K [0x000000076ab00000, 0x0000000778900000, 0x00000007c0000000)
  eden space 209408K, 29% used [0x000000076ab00000,0x000000076e790388,0x0000000777780000)
  from space 5632K, 99% used [0x0000000778380000,0x00000007788fcf38,0x0000000778900000)
  to   space 8192K, 0% used [0x0000000777900000,0x0000000777900000,0x0000000778100000)
 ParOldGen       total 94208K, used 14867K [0x00000006c0000000, 0x00000006c5c00000, 0x000000076ab00000)
  object space 94208K, 15% used [0x00000006c0000000,0x00000006c0e84f08,0x00000006c5c00000)
 Metaspace       used 44452K, capacity 44654K, committed 44928K, reserved 1089536K
  class space    used 5125K, capacity 5206K, committed 5248K, reserved 1048576K

Card table byte_map: [0x00000000126a0000,0x0000000012eb0000] byte_map_base: 0x000000000f0a0000

Marking Bits: (ParMarkBitMap*) 0x0000000065395ce0
 Begin Bits: [0x0000000013810000, 0x0000000017810000)
 End Bits:   [0x0000000017810000, 0x000000001b810000)

Polling page: 0x00000000014f0000

CodeCache: size=245760Kb used=14220Kb max_used=14220Kb free=231539Kb
 bounds [0x00000000032e0000, 0x00000000040d0000, 0x00000000122e0000]
 total_blobs=3816 nmethods=3333 adapters=395
 compilation: enabled

Compilation events (10 events):
Event: 6.648 Thread 0x000000001ebde000 3399       3       sun.misc.ProxyGenerator$ProxyMethod::generateMethod (733 bytes)
Event: 6.655 Thread 0x000000001ebde000 nmethod 3399 0x00000000040b8e10 code [0x00000000040b9c40, 0x00000000040c3d48]
Event: 6.655 Thread 0x000000001ebde000 3397       3       sun.misc.ProxyGenerator$FieldInfo::<init> (44 bytes)
Event: 6.655 Thread 0x000000001ebde000 nmethod 3397 0x00000000040a9590 code [0x00000000040a9760, 0x00000000040a9cd8]
Event: 6.655 Thread 0x000000001ebde000 3398       3       sun.misc.ProxyGenerator$ProxyMethod::access$100 (5 bytes)
Event: 6.655 Thread 0x000000001ebde000 nmethod 3398 0x00000000040a1890 code [0x00000000040a1a00, 0x00000000040a1b68]
Event: 6.655 Thread 0x000000001ebde000 3400       3       sun.misc.ProxyGenerator::access$500 (6 bytes)
Event: 6.656 Thread 0x000000001ebde000 nmethod 3400 0x000000000346f810 code [0x000000000346f980, 0x000000000346fae8]
Event: 6.656 Thread 0x000000001ebde000 3401       3       sun.misc.ProxyGenerator::getMethodDescriptor (37 bytes)
Event: 6.656 Thread 0x000000001ebde000 nmethod 3401 0x00000000040a88d0 code [0x00000000040a8aa0, 0x00000000040a9288]

GC Heap History (10 events):
Event: 3.476 GC heap before
{Heap before GC invocations=8 (full 1):
 PSYoungGen      total 141824K, used 131072K [0x000000076ab00000, 0x0000000774000000, 0x00000007c0000000)
  eden space 131072K, 100% used [0x000000076ab00000,0x0000000772b00000,0x0000000772b00000)
  from space 10752K, 0% used [0x0000000773580000,0x0000000773580000,0x0000000774000000)
  to   space 10752K, 0% used [0x0000000772b00000,0x0000000772b00000,0x0000000773580000)
 ParOldGen       total 94208K, used 6807K [0x00000006c0000000, 0x00000006c5c00000, 0x000000076ab00000)
  object space 94208K, 7% used [0x00000006c0000000,0x00000006c06a5f90,0x00000006c5c00000)
 Metaspace       used 25906K, capacity 26010K, committed 26112K, reserved 1073152K
  class space    used 2982K, capacity 3031K, committed 3072K, reserved 1048576K
Event: 3.482 GC heap after
Heap after GC invocations=8 (full 1):
 PSYoungGen      total 141824K, used 4652K [0x000000076ab00000, 0x0000000778c00000, 0x00000007c0000000)
  eden space 131072K, 0% used [0x000000076ab00000,0x000000076ab00000,0x0000000772b00000)
  from space 10752K, 43% used [0x0000000772b00000,0x0000000772f8b2f0,0x0000000773580000)
  to   space 8704K, 0% used [0x0000000778380000,0x0000000778380000,0x0000000778c00000)
 ParOldGen       total 94208K, used 6815K [0x00000006c0000000, 0x00000006c5c00000, 0x000000076ab00000)
  object space 94208K, 7% used [0x00000006c0000000,0x00000006c06a7f90,0x00000006c5c00000)
 Metaspace       used 25906K, capacity 26010K, committed 26112K, reserved 1073152K
  class space    used 2982K, capacity 3031K, committed 3072K, reserved 1048576K
}
Event: 4.179 GC heap before
{Heap before GC invocations=9 (full 1):
 PSYoungGen      total 141824K, used 135724K [0x000000076ab00000, 0x0000000778c00000, 0x00000007c0000000)
  eden space 131072K, 100% used [0x000000076ab00000,0x0000000772b00000,0x0000000772b00000)
  from space 10752K, 43% used [0x0000000772b00000,0x0000000772f8b2f0,0x0000000773580000)
  to   space 8704K, 0% used [0x0000000778380000,0x0000000778380000,0x0000000778c00000)
 ParOldGen       total 94208K, used 6815K [0x00000006c0000000, 0x00000006c5c00000, 0x000000076ab00000)
  object space 94208K, 7% used [0x00000006c0000000,0x00000006c06a7f90,0x00000006c5c00000)
 Metaspace       used 30099K, capacity 30240K, committed 30464K, reserved 1077248K
  class space    used 3514K, capacity 3544K, committed 3584K, reserved 1048576K
Event: 4.189 GC heap after
Heap after GC invocations=9 (full 1):
 PSYoungGen      total 215040K, used 5522K [0x000000076ab00000, 0x0000000778900000, 0x00000007c0000000)
  eden space 209408K, 0% used [0x000000076ab00000,0x000000076ab00000,0x0000000777780000)
  from space 5632K, 98% used [0x0000000778380000,0x00000007788e4b48,0x0000000778900000)
  to   space 8192K, 0% used [0x0000000777900000,0x0000000777900000,0x0000000778100000)
 ParOldGen       total 94208K, used 6815K [0x00000006c0000000, 0x00000006c5c00000, 0x000000076ab00000)
  object space 94208K, 7% used [0x00000006c0000000,0x00000006c06a7f90,0x00000006c5c00000)
 Metaspace       used 30099K, capacity 30240K, committed 30464K, reserved 1077248K
  class space    used 3514K, capacity 3544K, committed 3584K, reserved 1048576K
}
Event: 5.210 GC heap before
{Heap before GC invocations=10 (full 1):
 PSYoungGen      total 215040K, used 179127K [0x000000076ab00000, 0x0000000778900000, 0x00000007c0000000)
  eden space 209408K, 82% used [0x000000076ab00000,0x0000000775489218,0x0000000777780000)
  from space 5632K, 98% used [0x0000000778380000,0x00000007788e4b48,0x0000000778900000)
  to   space 8192K, 0% used [0x0000000777900000,0x0000000777900000,0x0000000778100000)
 ParOldGen       total 94208K, used 6815K [0x00000006c0000000, 0x00000006c5c00000, 0x000000076ab00000)
  object space 94208K, 7% used [0x00000006c0000000,0x00000006c06a7f90,0x00000006c5c00000)
 Metaspace       used 35112K, capacity 35246K, committed 35456K, reserved 1081344K
  class space    used 4098K, capacity 4160K, committed 4224K, reserved 1048576K
Event: 5.222 GC heap after
Heap after GC invocations=10 (full 1):
 PSYoungGen      total 217600K, used 8089K [0x000000076ab00000, 0x0000000778900000, 0x00000007c0000000)
  eden space 209408K, 0% used [0x000000076ab00000,0x000000076ab00000,0x0000000777780000)
  from space 8192K, 98% used [0x0000000777900000,0x00000007780e6710,0x0000000778100000)
  to   space 5632K, 0% used [0x0000000778380000,0x0000000778380000,0x0000000778900000)
 ParOldGen       total 94208K, used 6823K [0x00000006c0000000, 0x00000006c5c00000, 0x000000076ab00000)
  object space 94208K, 7% used [0x00000006c0000000,0x00000006c06a9f90,0x00000006c5c00000)
 Metaspace       used 35112K, capacity 35246K, committed 35456K, reserved 1081344K
  class space    used 4098K, capacity 4160K, committed 4224K, reserved 1048576K
}
Event: 5.222 GC heap before
{Heap before GC invocations=11 (full 2):
 PSYoungGen      total 217600K, used 8089K [0x000000076ab00000, 0x0000000778900000, 0x00000007c0000000)
  eden space 209408K, 0% used [0x000000076ab00000,0x000000076ab00000,0x0000000777780000)
  from space 8192K, 98% used [0x0000000777900000,0x00000007780e6710,0x0000000778100000)
  to   space 5632K, 0% used [0x0000000778380000,0x0000000778380000,0x0000000778900000)
 ParOldGen       total 94208K, used 6823K [0x00000006c0000000, 0x00000006c5c00000, 0x000000076ab00000)
  object space 94208K, 7% used [0x00000006c0000000,0x00000006c06a9f90,0x00000006c5c00000)
 Metaspace       used 35112K, capacity 35246K, committed 35456K, reserved 1081344K
  class space    used 4098K, capacity 4160K, committed 4224K, reserved 1048576K
Event: 5.299 GC heap after
Heap after GC invocations=11 (full 2):
 PSYoungGen      total 217600K, used 0K [0x000000076ab00000, 0x0000000778900000, 0x00000007c0000000)
  eden space 209408K, 0% used [0x000000076ab00000,0x000000076ab00000,0x0000000777780000)
  from space 8192K, 0% used [0x0000000777900000,0x0000000777900000,0x0000000778100000)
  to   space 5632K, 0% used [0x0000000778380000,0x0000000778380000,0x0000000778900000)
 ParOldGen       total 94208K, used 13866K [0x00000006c0000000, 0x00000006c5c00000, 0x000000076ab00000)
  object space 94208K, 14% used [0x00000006c0000000,0x00000006c0d8aa38,0x00000006c5c00000)
 Metaspace       used 35112K, capacity 35246K, committed 35456K, reserved 1081344K
  class space    used 4098K, capacity 4160K, committed 4224K, reserved 1048576K
}
Event: 6.301 GC heap before
{Heap before GC invocations=12 (full 2):
 PSYoungGen      total 217600K, used 209408K [0x000000076ab00000, 0x0000000778900000, 0x00000007c0000000)
  eden space 209408K, 100% used [0x000000076ab00000,0x0000000777780000,0x0000000777780000)
  from space 8192K, 0% used [0x0000000777900000,0x0000000777900000,0x0000000778100000)
  to   space 5632K, 0% used [0x0000000778380000,0x0000000778380000,0x0000000778900000)
 ParOldGen       total 94208K, used 13866K [0x00000006c0000000, 0x00000006c5c00000, 0x000000076ab00000)
  object space 94208K, 14% used [0x00000006c0000000,0x00000006c0d8aa38,0x00000006c5c00000)
 Metaspace       used 42550K, capacity 42830K, committed 43136K, reserved 1087488K
  class space    used 4897K, capacity 4982K, committed 4992K, reserved 1048576K
Event: 6.307 GC heap after
Heap after GC invocations=12 (full 2):
 PSYoungGen      total 215040K, used 5619K [0x000000076ab00000, 0x0000000778900000, 0x00000007c0000000)
  eden space 209408K, 0% used [0x000000076ab00000,0x000000076ab00000,0x0000000777780000)
  from space 5632K, 99% used [0x0000000778380000,0x00000007788fcf38,0x0000000778900000)
  to   space 8192K, 0% used [0x0000000777900000,0x0000000777900000,0x0000000778100000)
 ParOldGen       total 94208K, used 14867K [0x00000006c0000000, 0x00000006c5c00000, 0x000000076ab00000)
  object space 94208K, 15% used [0x00000006c0000000,0x00000006c0e84f08,0x00000006c5c00000)
 Metaspace       used 42550K, capacity 42830K, committed 43136K, reserved 1087488K
  class space    used 4897K, capacity 4982K, committed 4992K, reserved 1048576K
}

Deoptimization events (10 events):
Event: 6.378 Thread 0x00000000031e2800 Uncommon trap: reason=unstable_if action=reinterpret pc=0x0000000003dd4864 method=org.jacoco.agent.rt.internal_8ff85ea.asm.FieldWriter.getSize()I @ 56
Event: 6.378 Thread 0x00000000031e2800 Uncommon trap: reason=unstable_if action=reinterpret pc=0x0000000003bebbd0 method=org.jacoco.agent.rt.internal_8ff85ea.asm.FieldWriter.getSize()I @ 56
Event: 6.378 Thread 0x00000000031e2800 Uncommon trap: reason=unstable_if action=reinterpret pc=0x0000000003b8a004 method=org.jacoco.agent.rt.internal_8ff85ea.asm.MethodWriter.getSize()I @ 841
Event: 6.378 Thread 0x00000000031e2800 Uncommon trap: reason=unstable_if action=reinterpret pc=0x0000000003b4843c method=org.jacoco.agent.rt.internal_8ff85ea.asm.FieldWriter.put(Lorg/jacoco/agent/rt/internal_8ff85ea/asm/ByteVector;)V @ 90
Event: 6.378 Thread 0x00000000031e2800 Uncommon trap: reason=unstable_if action=reinterpret pc=0x0000000003bd1838 method=org.jacoco.agent.rt.internal_8ff85ea.asm.MethodWriter.put(Lorg/jacoco/agent/rt/internal_8ff85ea/asm/ByteVector;)V @ 252
Event: 6.464 Thread 0x00000000031e2800 Uncommon trap: reason=class_check action=maybe_recompile pc=0x0000000003e96c44 method=java.util.regex.Pattern$Curly.match(Ljava/util/regex/Matcher;ILjava/lang/CharSequence;)Z @ 19
Event: 6.464 Thread 0x00000000031e2800 Uncommon trap: reason=class_check action=maybe_recompile pc=0x0000000003e96c44 method=java.util.regex.Pattern$Curly.match(Ljava/util/regex/Matcher;ILjava/lang/CharSequence;)Z @ 19
Event: 6.464 Thread 0x00000000031e2800 Uncommon trap: reason=class_check action=maybe_recompile pc=0x0000000003e96c44 method=java.util.regex.Pattern$Curly.match(Ljava/util/regex/Matcher;ILjava/lang/CharSequence;)Z @ 19
Event: 6.464 Thread 0x00000000031e2800 Uncommon trap: reason=class_check action=maybe_recompile pc=0x0000000003bf9fa4 method=java.util.regex.Pattern$Curly.match0(Ljava/util/regex/Matcher;IILjava/lang/CharSequence;)Z @ 77
Event: 6.553 Thread 0x00000000031e2800 Uncommon trap: reason=uninitialized action=reinterpret pc=0x000000000409e518 method=org.jsoup.nodes.Entities$EscapeMode.$jacocoInit()[Z @ 0

Classes redefined (0 events):
No events

Internal exceptions (10 events):
Event: 6.296 Thread 0x00000000031e2800 Exception <a 'java/lang/ClassNotFoundException': org/egov/infra/persistence/entity/AbstractPersistableCustomizer> (0x00000007776e30f0) thrown at [C:\re\workspace\8-2-build-windows-amd64-cygwin\jdk8u202\12323\hotspot\src\share\vm\classfile\systemDictionary
Event: 6.298 Thread 0x00000000031e2800 Exception <a 'java/lang/ClassNotFoundException': org/egov/infra/persistence/entity/AbstractAuditableCustomizer> (0x0000000777744280) thrown at [C:\re\workspace\8-2-build-windows-amd64-cygwin\jdk8u202\12323\hotspot\src\share\vm\classfile\systemDictionary.c
Event: 6.309 Thread 0x00000000031e2800 Exception <a 'java/lang/ClassNotFoundException': org/egov/infra/admin/master/entity/RoleCustomizer> (0x000000076ab45258) thrown at [C:\re\workspace\8-2-build-windows-amd64-cygwin\jdk8u202\12323\hotspot\src\share\vm\classfile\systemDictionary.cpp, line 210
Event: 6.310 Thread 0x00000000031e2800 Exception <a 'java/lang/ClassNotFoundException': java/io/SerializableCustomizer> (0x000000076ab6ea08) thrown at [C:\re\workspace\8-2-build-windows-amd64-cygwin\jdk8u202\12323\hotspot\src\share\vm\classfile\systemDictionary.cpp, line 210]
Event: 6.483 Thread 0x00000000031e2800 Exception <a 'java/lang/ClassNotFoundException': org/hibernate/validator/internal/constraintvalidators/hv/SafeHtmlValidatorBeanInfo> (0x000000076cc19e08) thrown at [C:\re\workspace\8-2-build-windows-amd64-cygwin\jdk8u202\12323\hotspot\src\share\vm\classfi
Event: 6.483 Thread 0x00000000031e2800 Exception <a 'java/lang/ClassNotFoundException': org/hibernate/validator/internal/constraintvalidators/hv/SafeHtmlValidatorCustomizer> (0x000000076cc692e8) thrown at [C:\re\workspace\8-2-build-windows-amd64-cygwin\jdk8u202\12323\hotspot\src\share\vm\class
Event: 6.485 Thread 0x00000000031e2800 Exception <a 'java/lang/ClassNotFoundException': javax/validation/ConstraintValidatorCustomizer> (0x000000076cca0330) thrown at [C:\re\workspace\8-2-build-windows-amd64-cygwin\jdk8u202\12323\hotspot\src\share\vm\classfile\systemDictionary.cpp, line 210]
Event: 6.638 Thread 0x00000000031e2800 Exception <a 'java/lang/ClassNotFoundException': org/egov/infra/persistence/validator/UniqueCheckValidatorBeanInfo> (0x000000076ddfafb0) thrown at [C:\re\workspace\8-2-build-windows-amd64-cygwin\jdk8u202\12323\hotspot\src\share\vm\classfile\systemDictiona
Event: 6.639 Thread 0x00000000031e2800 Exception <a 'java/lang/ClassNotFoundException': org/egov/infra/persistence/validator/UniqueCheckValidatorCustomizer> (0x000000076de5ba38) thrown at [C:\re\workspace\8-2-build-windows-amd64-cygwin\jdk8u202\12323\hotspot\src\share\vm\classfile\systemDictio
Event: 6.640 Thread 0x00000000031e2800 Exception <a 'java/lang/ClassNotFoundException': javax/validation/ConstraintValidatorCustomizer> (0x000000076de91c38) thrown at [C:\re\workspace\8-2-build-windows-amd64-cygwin\jdk8u202\12323\hotspot\src\share\vm\classfile\systemDictionary.cpp, line 210]

Events (10 events):
Event: 6.679 loading class org/hibernate/transform/AliasedTupleSubsetResultTransformer
Event: 6.679 loading class org/hibernate/transform/AliasedTupleSubsetResultTransformer done
Event: 6.680 loading class org/hibernate/transform/TupleSubsetResultTransformer
Event: 6.680 loading class org/hibernate/transform/TupleSubsetResultTransformer done
Event: 6.680 loading class org/hibernate/transform/BasicTransformerAdapter
Event: 6.680 loading class org/hibernate/transform/BasicTransformerAdapter done
Event: 6.681 loading class org/hibernate/transform/RootEntityResultTransformer
Event: 6.681 loading class org/hibernate/transform/RootEntityResultTransformer done
Event: 6.681 loading class org/hibernate/transform/DistinctRootEntityResultTransformer
Event: 6.681 loading class org/hibernate/transform/DistinctRootEntityResultTransformer done


Dynamic libraries:
0x00007ff664d30000 - 0x00007ff664d67000 	C:\Program Files\Java\jdk1.8.0_202\jre\bin\java.exe
0x00007ff88a190000 - 0x00007ff88a388000 	C:\Windows\SYSTEM32\ntdll.dll
0x00007ff888c60000 - 0x00007ff888d1f000 	C:\Windows\System32\KERNEL32.DLL
0x00007ff887c40000 - 0x00007ff887f36000 	C:\Windows\System32\KERNELBASE.dll
0x00007ff8889a0000 - 0x00007ff888a4f000 	C:\Windows\System32\ADVAPI32.dll
0x00007ff888f90000 - 0x00007ff88902e000 	C:\Windows\System32\msvcrt.dll
0x00007ff8882c0000 - 0x00007ff88835c000 	C:\Windows\System32\sechost.dll
0x00007ff889030000 - 0x00007ff889156000 	C:\Windows\System32\RPCRT4.dll
0x00007ff888df0000 - 0x00007ff888f8d000 	C:\Windows\System32\USER32.dll
0x00007ff887be0000 - 0x00007ff887c02000 	C:\Windows\System32\win32u.dll
0x00007ff888970000 - 0x00007ff88899c000 	C:\Windows\System32\GDI32.dll
0x00007ff887a20000 - 0x00007ff887b35000 	C:\Windows\System32\gdi32full.dll
0x00007ff887b40000 - 0x00007ff887bdd000 	C:\Windows\System32\msvcp_win.dll
0x00007ff888060000 - 0x00007ff888160000 	C:\Windows\System32\ucrtbase.dll
0x00007ff87ab20000 - 0x00007ff87adba000 	C:\Windows\WinSxS\amd64_microsoft.windows.common-controls_6595b64144ccf1df_6.0.19041.1110_none_60b5254171f9507e\COMCTL32.dll
0x00007ff888270000 - 0x00007ff8882a0000 	C:\Windows\System32\IMM32.DLL
0x0000000065420000 - 0x00000000654f2000 	C:\Program Files\Java\jdk1.8.0_202\jre\bin\msvcr100.dll
0x0000000064b70000 - 0x0000000065415000 	C:\Program Files\Java\jdk1.8.0_202\jre\bin\server\jvm.dll
0x00007ff8882b0000 - 0x00007ff8882b8000 	C:\Windows\System32\PSAPI.DLL
0x00007ff866570000 - 0x00007ff866597000 	C:\Windows\SYSTEM32\WINMM.dll
0x00007ff879c20000 - 0x00007ff879c29000 	C:\Windows\SYSTEM32\WSOCK32.dll
0x00007ff880c50000 - 0x00007ff880c5a000 	C:\Windows\SYSTEM32\VERSION.dll
0x00007ff888d80000 - 0x00007ff888deb000 	C:\Windows\System32\WS2_32.dll
0x00007ff87da90000 - 0x00007ff87da9f000 	C:\Program Files\Java\jdk1.8.0_202\jre\bin\verify.dll
0x00007ff87b9d0000 - 0x00007ff87b9f9000 	C:\Program Files\Java\jdk1.8.0_202\jre\bin\java.dll
0x00007ff87d900000 - 0x00007ff87d923000 	C:\Program Files\Java\jdk1.8.0_202\jre\bin\instrument.dll
0x00007ff87b9b0000 - 0x00007ff87b9c6000 	C:\Program Files\Java\jdk1.8.0_202\jre\bin\zip.dll
0x00007ff8898e0000 - 0x00007ff88a024000 	C:\Windows\System32\SHELL32.dll
0x00007ff885940000 - 0x00007ff8860d3000 	C:\Windows\SYSTEM32\windows.storage.dll
0x00007ff889440000 - 0x00007ff889794000 	C:\Windows\System32\combase.dll
0x00007ff8871e0000 - 0x00007ff88720e000 	C:\Windows\SYSTEM32\Wldp.dll
0x00007ff888360000 - 0x00007ff88840d000 	C:\Windows\System32\SHCORE.dll
0x00007ff888d20000 - 0x00007ff888d75000 	C:\Windows\System32\shlwapi.dll
0x00007ff8877b0000 - 0x00007ff8877cf000 	C:\Windows\SYSTEM32\profapi.dll
0x00007ff87b8f0000 - 0x00007ff87b90a000 	C:\Program Files\Java\jdk1.8.0_202\jre\bin\net.dll
0x00007ff87c270000 - 0x00007ff87c45c000 	C:\Windows\SYSTEM32\urlmon.dll
0x00007ff87fec0000 - 0x00007ff880171000 	C:\Windows\SYSTEM32\iertutil.dll
0x00007ff882fa0000 - 0x00007ff882fc8000 	C:\Windows\SYSTEM32\srvcli.dll
0x00007ff886d40000 - 0x00007ff886d4c000 	C:\Windows\SYSTEM32\netutils.dll
0x00007ff886f40000 - 0x00007ff886faa000 	C:\Windows\system32\mswsock.dll
0x00007ff86aed0000 - 0x00007ff86aee7000 	C:\Windows\system32\napinsp.dll
0x00007ff86aeb0000 - 0x00007ff86aecb000 	C:\Windows\system32\pnrpnsp.dll
0x00007ff86ae90000 - 0x00007ff86aea5000 	C:\Windows\system32\wshbth.dll
0x00007ff883210000 - 0x00007ff88322d000 	C:\Windows\system32\NLAapi.dll
0x00007ff886c30000 - 0x00007ff886c6c000 	C:\Windows\SYSTEM32\IPHLPAPI.DLL
0x00007ff886c70000 - 0x00007ff886d3a000 	C:\Windows\SYSTEM32\DNSAPI.dll
0x00007ff8882a0000 - 0x00007ff8882a8000 	C:\Windows\System32\NSI.dll
0x00007ff86ae70000 - 0x00007ff86ae82000 	C:\Windows\System32\winrnr.dll
0x00007ff87c8f0000 - 0x00007ff87c8fa000 	C:\Windows\System32\rasadhlp.dll
0x00007ff87d210000 - 0x00007ff87d292000 	C:\Windows\System32\fwpuclnt.dll
0x00007ff887c10000 - 0x00007ff887c37000 	C:\Windows\System32\bcrypt.dll
0x00007ff87b8d0000 - 0x00007ff87b8e2000 	C:\Program Files\Java\jdk1.8.0_202\jre\bin\nio.dll
0x00007ff87da80000 - 0x00007ff87da8d000 	C:\Program Files\Java\jdk1.8.0_202\jre\bin\management.dll
0x00007ff887130000 - 0x00007ff887148000 	C:\Windows\SYSTEM32\CRYPTSP.dll
0x00007ff886860000 - 0x00007ff886894000 	C:\Windows\system32\rsaenh.dll
0x00007ff887770000 - 0x00007ff88779e000 	C:\Windows\SYSTEM32\USERENV.dll
0x00007ff888160000 - 0x00007ff8881e2000 	C:\Windows\System32\bcryptprimitives.dll
0x00007ff887150000 - 0x00007ff88715c000 	C:\Windows\SYSTEM32\CRYPTBASE.dll
0x00007ff87f3a0000 - 0x00007ff87f3b7000 	C:\Windows\SYSTEM32\dhcpcsvc6.DLL
0x00007ff87dba0000 - 0x00007ff87dbbd000 	C:\Windows\SYSTEM32\dhcpcsvc.DLL

VM Arguments:
jvm_args: -javaagent:C:\\Users\\vmchanduser03\\.m2\\repository\\org\\jacoco\\org.jacoco.agent\\0.7.9\\org.jacoco.agent-0.7.9-runtime.jar=destfile=C:\\PWC\\Workspace\\chandigarh_prod_wksp\\egov-coexistence\\egov\\egov-egiweb\\target\\jacoco.exec 
java_command: C:\Users\VMCHAN~1\AppData\Local\Temp\surefire150406224609186123\surefirebooter6157723574232119208.jar C:\Users\vmchanduser03\AppData\Local\Temp\surefire150406224609186123 2023-09-08T17-42-22_734-jvmRun1 surefire6954460003536833922tmp surefire_43229660584954269492tmp
java_class_path (initial): C:\Users\VMCHAN~1\AppData\Local\Temp\surefire150406224609186123\surefirebooter6157723574232119208.jar;C:\\Users\\vmchanduser03\\.m2\\repository\\org\\jacoco\\org.jacoco.agent\\0.7.9\\org.jacoco.agent-0.7.9-runtime.jar
Launcher Type: SUN_STANDARD

Environment Variables:
JAVA_HOME=C:\Program Files\Java\jdk1.8.0_202
PATH=C:/Users/vmchanduser03/Downloads/eclipse-jee-2022-03-R-win32-x86_64/eclipse//plugins/org.eclipse.justj.openjdk.hotspot.jre.full.win32.x86_64_17.0.2.v20220201-1208/jre/bin/server;C:/Users/vmchanduser03/Downloads/eclipse-jee-2022-03-R-win32-x86_64/eclipse//plugins/org.eclipse.justj.openjdk.hotspot.jre.full.win32.x86_64_17.0.2.v20220201-1208/jre/bin;C:\Program Files\Common Files\Oracle\Java\javapath;C:\Program Files (x86)\Common Files\Oracle\Java\javapath;C:\Windows\system32;C:\Windows;C:\Windows\System32\Wbem;C:\Windows\System32\WindowsPowerShell\v1.0\;C:\Windows\System32\OpenSSH\;C:\Program Files\Git\cmd;C:\Program Files\nodejs\;C:\Program Files\Java\jdk1.8.0_202\bin;C:\OBPS_Softwares\maven\apache-maven-3.2.3-bin\apache-maven-3.2.3\bin;C:\Users\vmchanduser03\AppData\Local\Microsoft\WindowsApps;C:\Users\vmchanduser03\AppData\Local\Programs\Microsoft VS Code\bin;C:\Users\vmchanduser03\AppData\Roaming\npm;C:\Program Files\Java\jdk1.8.0_202\bin;C:\Program Files\apache-maven-3.8.5\bin;;C:\Users\vmchanduser03\Downloads\eclipse-jee-2022-03-R-win32-x86_64\eclipse;
USERNAME=vmchanduser03
OS=Windows_NT
PROCESSOR_IDENTIFIER=Intel64 Family 6 Model 85 Stepping 7, GenuineIntel



---------------  S Y S T E M  ---------------

OS: Windows 10.0 , 64 bit Build 19041 (10.0.19041.3031)

CPU:total 4 (initial active 4) (4 cores per cpu, 1 threads per core) family 6 model 85 stepping 7, cmov, cx8, fxsr, mmx, sse, sse2, sse3, ssse3, sse4.1, sse4.2, popcnt, avx, avx2, aes, clmul, erms, rtm, 3dnowpref, lzcnt, tsc, bmi1, bmi2, adx

Memory: 4k page, physical 16776068k(3508176k free), swap 20970112k(5204k free)

vm_info: Java HotSpot(TM) 64-Bit Server VM (25.202-b08) for windows-amd64 JRE (1.8.0_202-b08), built on Dec 15 2018 19:54:30 by "java_re" with MS VC++ 10.0 (VS2010)

time: Fri Sep 08 17:46:12 2023
timezone: India Standard Time
elapsed time: 6 seconds (0d 0h 0m 6s)

